1511903979832	geckodriver	INFO	geckodriver 0.19.1
1511903979845	geckodriver	INFO	Listening on 127.0.0.1:49818
1511903980600	mozrunner::runner	INFO	Running command: "C:\\Program Files (x86)\\Mozilla Firefox\\firefox.exe" "-marionette" "-profile" "C:\\Users\\Ninja\\AppData\\Local\\Temp\\rust_mozprofile.yhA88Tr9tqLf"
1511903982602	Marionette	INFO	Enabled via --marionette
Unable to read VR Path Registry from C:\Users\Ninja\AppData\Local\openvr\openvrpaths.vrpath
[Child 6568, Chrome_ChildThread] WARNING: pipe error: 109: file z:/build/build/src/ipc/chromium/src/chrome/common/ipc_channel_win.cc, line 346
[Child 6568, Chrome_ChildThread] WARNING: pipe error: 109: file z:/build/build/src/ipc/chromium/src/chrome/common/ipc_channel_win.cc, line 346
1511903984955	Marionette	INFO	Listening on port 49822
1511903985328	Marionette	WARN	TLS certificate errors will be ignored for this session
1511903985385	Marionette	DEBUG	Register listener.js for window 4294967297
1511903985415	Marionette	DEBUG	Received DOM event "beforeunload" for "about:blank"
1511903985477	Marionette	DEBUG	Received DOM event "pagehide" for "about:blank"
1511903985478	Marionette	DEBUG	Received DOM event "unload" for "about:blank"
1511903985484	Marionette	DEBUG	Received DOM event "DOMContentLoaded" for "http://localhost:8000/"
1511903985498	Marionette	DEBUG	Received DOM event "pageshow" for "http://localhost:8000/"
Unable to read VR Path Registry from C:\Users\Ninja\AppData\Local\openvr\openvrpaths.vrpath
[Child 3264, Chrome_ChildThread] WARNING: pipe error: 109: file z:/build/build/src/ipc/chromium/src/chrome/common/ipc_channel_win.cc, line 346
[Child 3264, Chrome_ChildThread] WARNING: pipe error: 109: file z:/build/build/src/ipc/chromium/src/chrome/common/ipc_channel_win.cc, line 346
*** UTM:SVC TimerManager:registerTimer called after profile-before-change notification. Ignoring timer registration for id: telemetry_modules_ping

###!!! [Child][MessageChannel::SendAndWait] Error: Channel error: cannot send/recv

Unable to read VR Path Registry from C:\Users\Ninja\AppData\Local\openvr\openvrpaths.vrpath
1511904167185	geckodriver	INFO	geckodriver 0.19.1
1511904167196	geckodriver	INFO	Listening on 127.0.0.1:49853
1511904167972	mozrunner::runner	INFO	Running command: "C:\\Program Files (x86)\\Mozilla Firefox\\firefox.exe" "-marionette" "-profile" "C:\\Users\\Ninja\\AppData\\Local\\Temp\\rust_mozprofile.wWIkM0oroKs2"
1511904169096	Marionette	INFO	Enabled via --marionette
1511904171073	Marionette	INFO	Listening on port 49857
1511904171093	Marionette	WARN	TLS certificate errors will be ignored for this session
1511904171159	Marionette	DEBUG	Register listener.js for window 4294967297
1511904171235	Marionette	DEBUG	Received DOM event "beforeunload" for "about:blank"
1511904171294	Marionette	DEBUG	Received DOM event "pagehide" for "about:blank"
1511904171295	Marionette	DEBUG	Received DOM event "unload" for "about:blank"
1511904171303	Marionette	DEBUG	Received DOM event "DOMContentLoaded" for "http://localhost:8000/"
1511904171314	Marionette	DEBUG	Received DOM event "pageshow" for "http://localhost:8000/"
Unable to read VR Path Registry from C:\Users\Ninja\AppData\Local\openvr\openvrpaths.vrpath
[Parent 3104, Gecko_IOThread] WARNING: pipe error: 109: file z:/build/build/src/ipc/chromium/src/chrome/common/ipc_channel_win.cc, line 346
[Parent 3104, Gecko_IOThread] WARNING: pipe error: 109: file z:/build/build/src/ipc/chromium/src/chrome/common/ipc_channel_win.cc, line 346
Unable to read VR Path Registry from C:\Users\Ninja\AppData\Local\openvr\openvrpaths.vrpath
[Child 8776, Chrome_ChildThread] WARNING: pipe error: 109: file z:/build/build/src/ipc/chromium/src/chrome/common/ipc_channel_win.cc, line 346
[Child 8776, Chrome_ChildThread] WARNING: pipe error: 109: file z:/build/build/src/ipc/chromium/src/chrome/common/ipc_channel_win.cc, line 346
Unable to read VR Path Registry from C:\Users\Ninja\AppData\Local\openvr\openvrpaths.vrpath
[Child 9392, Chrome_ChildThread] WARNING: pipe error: 109: file z:/build/build/src/ipc/chromium/src/chrome/common/ipc_channel_win.cc, line 346
[Child 9392, Chrome_ChildThread] WARNING: pipe error: 109: file z:/build/build/src/ipc/chromium/src/chrome/common/ipc_channel_win.cc, line 346
Unable to read VR Path Registry from C:\Users\Ninja\AppData\Local\openvr\openvrpaths.vrpath
[GPU 9016, Chrome_ChildThread] WARNING: pipe error: 109: file z:/build/build/src/ipc/chromium/src/chrome/common/ipc_channel_win.cc, line 346

###!!! [Child][MessageChannel::SendAndWait] Error: Channel error: cannot send/recv

